#
# There is insufficient memory for the Java Runtime Environment to continue.
# Native memory allocation (malloc) failed to allocate 1048576 bytes for AllocateHeap
# Possible reasons:
#   The system is out of physical RAM or swap space
#   In 32 bit mode, the process size limit was hit
# Possible solutions:
#   Reduce memory load on the system
#   Increase physical memory or swap space
#   Check if swap backing store is full
#   Use 64 bit Java on a 64 bit OS
#   Decrease Java heap size (-Xmx/-Xms)
#   Decrease number of Java threads
#   Decrease Java thread stack sizes (-Xss)
#   Set larger code cache with -XX:ReservedCodeCacheSize=
# This output file may be truncated or incomplete.
#
#  Out of Memory Error (memory/allocation.inline.hpp:61), pid=9840, tid=0x0000000000000be4
#
# JRE version:  (8.0_171-b11) (build )
# Java VM: Java HotSpot(TM) 64-Bit Server VM (25.171-b11 mixed mode windows-amd64 compressed oops)
# Failed to write core dump. Minidumps are not enabled by default on client versions of Windows
#

---------------  T H R E A D  ---------------

Current thread (0x0000000004aee000):  JavaThread "Unknown thread" [_thread_in_vm, id=3044, stack(0x0000000004af0000,0x0000000004bf0000)]

Stack: [0x0000000004af0000,0x0000000004bf0000]
[error occurred during error reporting (printing stack bounds), id 0xc0000005]

Native frames: (J=compiled Java code, j=interpreted, Vv=VM code, C=native code)


---------------  P R O C E S S  ---------------

Java Threads: ( => current thread )

Other Threads:

=>0x0000000004aee000 (exited) JavaThread "Unknown thread" [_thread_in_vm, id=3044, stack(0x0000000004af0000,0x0000000004bf0000)]

VM state:not at safepoint (normal execution)

VM Mutex/Monitor currently owned by a thread: None

Heap:
 PSYoungGen      total 33280K, used 573K [0x00000000db000000, 0x00000000dd500000, 0x0000000100000000)
  eden space 28672K, 2% used [0x00000000db000000,0x00000000db08f5d0,0x00000000dcc00000)
  from space 4608K, 0% used [0x00000000dd080000,0x00000000dd080000,0x00000000dd500000)
  to   space 4608K, 0% used [0x00000000dcc00000,0x00000000dcc00000,0x00000000dd080000)
 ParOldGen       total 76800K, used 0K [0x0000000091000000, 0x0000000095b00000, 0x00000000db000000)
  object space 76800K, 0% used [0x0000000091000000,0x0000000091000000,0x0000000095b00000)
 Metaspace       used 750K, capacity 4480K, committed 4480K, reserved 1056768K
  class space    used 76K, capacity 384K, committed 384K, reserved 1048576K

Card table byte_map: [0x00000000140b0000,0x0000000014430000] byte_map_base: 0x0000000013c28000

Marking Bits: (ParMarkBitMap*) 0x000000006fc908c0
 Begin Bits: [0x0000000014a80000, 0x0000000016640000)
 End Bits:   [0x0000000016640000, 0x0000000018200000)

Polling page: 0x0000000003120000

CodeCache: size=245760Kb used=327Kb max_used=327Kb free=245432Kb
 bounds [0x0000000004cf0000, 0x0000000004f60000, 0x0000000013cf0000]
 total_blobs=57 nmethods=0 adapters=38
 compilation: enabled

Compilation events (0 events):
No events

GC Heap History (0 events):
No events

Deoptimization events (0 events):
No events

Classes redefined (0 events):
No events

Internal exceptions (0 events):
No events

Events (10 events):
Event: 0.039 loading class java/lang/Short
Event: 0.039 loading class java/lang/Short done
Event: 0.039 loading class java/lang/Integer
Event: 0.039 loading class java/lang/Integer done
Event: 0.039 loading class java/lang/Long
Event: 0.039 loading class java/lang/Long done
Event: 0.040 loading class java/lang/NullPointerException
Event: 0.040 loading class java/lang/NullPointerException done
Event: 0.040 loading class java/lang/ArithmeticException
Event: 0.041 loading class java/lang/ArithmeticException done


Dynamic libraries:
0x00007ff72b950000 - 0x00007ff72b987000 	C:\Program Files\Java\jre1.8.0_171\bin\javaw.exe
0x00007ffb30680000 - 0x00007ffb30860000 	C:\WINDOWS\SYSTEM32\ntdll.dll
0x00007ffb2f630000 - 0x00007ffb2f6de000 	C:\WINDOWS\System32\KERNEL32.DLL
0x00007ffb2d630000 - 0x00007ffb2d896000 	C:\WINDOWS\System32\KERNELBASE.dll
0x00007ffb2ff10000 - 0x00007ffb2ffb1000 	C:\WINDOWS\System32\ADVAPI32.dll
0x00007ffb2db50000 - 0x00007ffb2dbed000 	C:\WINDOWS\System32\msvcrt.dll
0x00007ffb2dc60000 - 0x00007ffb2dcbb000 	C:\WINDOWS\System32\sechost.dll
0x00007ffb2f9f0000 - 0x00007ffb2fb0f000 	C:\WINDOWS\System32\RPCRT4.dll
0x00007ffb2fd50000 - 0x00007ffb2fedf000 	C:\WINDOWS\System32\USER32.dll
0x00007ffb2cca0000 - 0x00007ffb2ccc0000 	C:\WINDOWS\System32\win32u.dll
0x00007ffb2f180000 - 0x00007ffb2f1a8000 	C:\WINDOWS\System32\GDI32.dll
0x00007ffb2d9b0000 - 0x00007ffb2db43000 	C:\WINDOWS\System32\gdi32full.dll
0x00007ffb2ccc0000 - 0x00007ffb2cd5b000 	C:\WINDOWS\System32\msvcp_win.dll
0x00007ffb2d4b0000 - 0x00007ffb2d5a6000 	C:\WINDOWS\System32\ucrtbase.dll
0x00007ffb1de00000 - 0x00007ffb1e069000 	C:\WINDOWS\WinSxS\amd64_microsoft.windows.common-controls_6595b64144ccf1df_6.0.16299.431_none_15c7d3ee93659e73\COMCTL32.dll
0x00007ffb2f6e0000 - 0x00007ffb2f9e8000 	C:\WINDOWS\System32\combase.dll
0x00007ffb2d5b0000 - 0x00007ffb2d622000 	C:\WINDOWS\System32\bcryptPrimitives.dll
0x00007ffb2fee0000 - 0x00007ffb2ff0d000 	C:\WINDOWS\System32\IMM32.DLL
0x00000000710a0000 - 0x0000000071172000 	C:\Program Files\Java\jre1.8.0_171\bin\msvcr100.dll
0x000000006f470000 - 0x000000006fd10000 	C:\Program Files\Java\jre1.8.0_171\bin\server\jvm.dll
0x00007ffb2f310000 - 0x00007ffb2f318000 	C:\WINDOWS\System32\PSAPI.DLL
0x00007ffb2a9b0000 - 0x00007ffb2a9d3000 	C:\WINDOWS\SYSTEM32\WINMM.dll
0x00007ffb26ae0000 - 0x00007ffb26aea000 	C:\WINDOWS\SYSTEM32\VERSION.dll
0x00007ffb2acd0000 - 0x00007ffb2acd9000 	C:\WINDOWS\SYSTEM32\WSOCK32.dll
0x00007ffb2dbf0000 - 0x00007ffb2dc5c000 	C:\WINDOWS\System32\WS2_32.dll
0x00007ffb2a950000 - 0x00007ffb2a97a000 	C:\WINDOWS\SYSTEM32\WINMMBASE.dll
0x00007ffb2cc50000 - 0x00007ffb2cc9a000 	C:\WINDOWS\System32\cfgmgr32.dll
0x0000000071250000 - 0x000000007125f000 	C:\Program Files\Java\jre1.8.0_171\bin\verify.dll
0x0000000071220000 - 0x0000000071249000 	C:\Program Files\Java\jre1.8.0_171\bin\java.dll
0x0000000071200000 - 0x0000000071216000 	C:\Program Files\Java\jre1.8.0_171\bin\zip.dll

VM Arguments:
jvm_args: -Dfile.encoding=UTF-8 
java_command: kavicsos_jatek.kavics.elozmenyek
java_class_path (initial): C:\Program Files\Java\jre1.8.0_171\lib\resources.jar;C:\Program Files\Java\jre1.8.0_171\lib\rt.jar;C:\Program Files\Java\jre1.8.0_171\lib\jsse.jar;C:\Program Files\Java\jre1.8.0_171\lib\jce.jar;C:\Program Files\Java\jre1.8.0_171\lib\charsets.jar;C:\Program Files\Java\jre1.8.0_171\lib\jfr.jar;C:\Program Files\Java\jre1.8.0_171\lib\ext\access-bridge-64.jar;C:\Program Files\Java\jre1.8.0_171\lib\ext\cldrdata.jar;C:\Program Files\Java\jre1.8.0_171\lib\ext\dnsns.jar;C:\Program Files\Java\jre1.8.0_171\lib\ext\jaccess.jar;C:\Program Files\Java\jre1.8.0_171\lib\ext\jfxrt.jar;C:\Program Files\Java\jre1.8.0_171\lib\ext\localedata.jar;C:\Program Files\Java\jre1.8.0_171\lib\ext\nashorn.jar;C:\Program Files\Java\jre1.8.0_171\lib\ext\sunec.jar;C:\Program Files\Java\jre1.8.0_171\lib\ext\sunjce_provider.jar;C:\Program Files\Java\jre1.8.0_171\lib\ext\sunmscapi.jar;C:\Program Files\Java\jre1.8.0_171\lib\ext\sunpkcs11.jar;C:\Program Files\Java\jre1.8.0_171\lib\ext\zipfs.jar;C:\Users\juszt\Desktop\kavics\target\classes
Launcher Type: SUN_STANDARD

Environment Variables:
PATH=C:/Program Files/Java/jre1.8.0_171/bin/server;C:/Program Files/Java/jre1.8.0_171/bin;C:/Program Files/Java/jre1.8.0_171/lib/amd64;C:\Program Files (x86)\Common Files\Oracle\Java\javapath;C:\ProgramData\Oracle\Java\javapath;C:\WINDOWS\system32;C:\WINDOWS;C:\WINDOWS\System32\Wbem;C:\WINDOWS\System32\WindowsPowerShell\v1.0\;C:\Program Files (x86)\WinSCP\;C:\Users\juszt\AppData\Local\Microsoft\WindowsApps;;C:\Users\juszt\Desktop;
USERNAME=juszt
OS=Windows_NT
PROCESSOR_IDENTIFIER=AMD64 Family 21 Model 48 Stepping 1, AuthenticAMD



---------------  S Y S T E M  ---------------

OS: Windows 10.0 , 64 bit Build 16299 (10.0.16299.431)

CPU:total 4 (initial active 4) (4 cores per cpu, 1 threads per core) family 21 model 48 stepping 1, cmov, cx8, fxsr, mmx, sse, sse2, sse3, ssse3, sse4.1, sse4.2, popcnt, avx, aes, clmul, mmxext, 3dnowpref, lzcnt, sse4a, tsc, tscinvbit, tscinv, bmi1

Memory: 4k page, physical 7268904k(2372976k free), swap 29289000k(6120k free)

vm_info: Java HotSpot(TM) 64-Bit Server VM (25.171-b11) for windows-amd64 JRE (1.8.0_171-b11), built on Mar 28 2018 16:06:12 by "java_re" with MS VC++ 10.0 (VS2010)

time: Tue May 15 07:24:17 2018
elapsed time: 0 seconds (0d 0h 0m 0s)

